


materialPath: C:\steam\steamapps\sourcemods\rfyl\materials
Loading C:\steam\steamapps\sourcemods\rfyl\maps\Chapitre1.vmf
Could not locate 'GameData' key in c:\steam\steamapps\sourcemods\rfyl\gameinfo.txt
fixing up env_cubemap materials on brush sides...
0...1...2...3...4...5...6...7...8...9...100...1...2...3...4...5...6...7...8...9...10Processing areas...done (0)
Building Faces...done (0)
FixTjuncs...
PruneNodes...
WriteBSP...
done (0)
writing C:\steam\steamapps\sourcemods\rfyl\maps\Chapitre1.prt...Building visibility clusters...
done (0)
Creating default LDR cubemaps for env_cubemap using skybox materials:
   skybox/sky_day01_01*.vmt
 ! Run buildcubemaps in the engine to get the correct cube maps.
Creating default HDR cubemaps for env_cubemap using skybox materials:
   skybox/sky_day01_01*.vmt
 ! Run buildcubemaps in the engine to get the correct cube maps.
Finding displacement neighbors...
Finding lightmap sample positions...
Displacement Alpha : 0...1...2...3...4...5...6...7...8...9...10
Building Physics collision data...
done (0) (2361 bytes)
Placing detail props : 0...1...2...3...4...5...6...7...8...9...10
Compacting texture/material tables...
Reduced 7 texinfos to 5
Reduced 4 texdatas to 4 (83 bytes to 83)
Writing C:\steam\steamapps\sourcemods\rfyl\maps\Chapitre1.bsp
0 seconds elapsed



4 threads
reading c:\steam\steamapps\sourcemods\rfyl\maps\Chapitre1.bsp
reading c:\steam\steamapps\sourcemods\rfyl\maps\Chapitre1.prt
   4 portalclusters
   4 numportals
0...1...2...3...4...5...6...7...8...9...100...1...2...3...4...5...6...7...8...9...10Optimized: 0 visible clusters (0.00%)
Total clusters visible: 16
Average clusters visible: 4
Building PAS...
Average clusters audible: 4
visdatasize:44  compressed from 64
writing c:\steam\steamapps\sourcemods\rfyl\maps\Chapitre1.bsp
0 seconds elapsed



Could not find lights.rad in lights.rad.
Trying VRAD BIN directory instead...
Warning: Couldn't open texlight file C:\steam\steamapps\common\Source SDK Base 2013 Singleplayer\bin\lights.rad.
Loading c:\steam\steamapps\sourcemods\rfyl\maps\Chapitre1.bsp
16 faces
20707 square feet [2981888.00 square inches]
0 Displacements
0 Square Feet [0.00 Square Inches]
16 patches before subdivision
3320 patches after subdivision
0 direct lights
0...1...2...3...4...5...6...7...8...9...100...1...2...3...4...5...6...7...8...9...10transfers 222302, max 206
transfer lists:   1.7 megs
0...1...2...3...4...5...6...7...8...9...10	Bounce #1 added RGB(0, 0, 0)
Build Patch/Sample Hash Table(s).....Done<0.0004 sec>
0...1...2...3...4...5...6...7...8...9...10FinalLightFace Done
0 of 0 (0% of) surface lights went in leaf ambient cubes.
0...1...2...3...4...5...6...7...8...9...10Writing leaf ambient...done
Ready to Finish

Object names       Objects/Maxobjs  Memory / Maxmem  Fullness 
------------       ---------------  ---------------  -------- 
models                   1/1024           48/49152    ( 0.1%) 
brushes                  6/8192           72/98304    ( 0.1%) 
brushsides              36/65536         288/524288   ( 0.1%) 
planes                  40/65536         800/1310720  ( 0.1%) 
vertexes                35/65536         420/786432   ( 0.1%) 
nodes                   27/65536         864/2097152  ( 0.0%) 
texinfos                 5/12288         360/884736   ( 0.0%) 
texdata                  4/2048          128/65536    ( 0.2%) 
dispinfos                0/0               0/0        ( 0.0%) 
disp_verts               0/0               0/0        ( 0.0%) 
disp_tris                0/0               0/0        ( 0.0%) 
disp_lmsamples           0/0               0/0        ( 0.0%) 
faces                   16/65536         896/3670016  ( 0.0%) 
hdr faces                0/65536           0/3670016  ( 0.0%) 
origfaces                6/65536         336/3670016  ( 0.0%) 
leaves                  29/65536         928/2097152  ( 0.0%) 
leaffaces               16/65536          32/131072   ( 0.0%) 
leafbrushes             16/65536          32/131072   ( 0.0%) 
areas                    2/256            16/2048     ( 0.8%) 
surfedges               88/512000        352/2048000  ( 0.0%) 
edges                   57/256000        228/1024000  ( 0.0%) 
LDR worldlights          0/8192            0/720896   ( 0.0%) 
HDR worldlights          0/8192            0/720896   ( 0.0%) 
leafwaterdata            0/32768           0/393216   ( 0.0%) 
waterstrips              0/32768           0/327680   ( 0.0%) 
waterverts               0/65536           0/786432   ( 0.0%) 
waterindices             0/65536           0/131072   ( 0.0%) 
cubemapsamples           0/1024            0/16384    ( 0.0%) 
overlays                 0/512             0/180224   ( 0.0%) 
LDR lightdata         [variable]       33824/0        ( 0.0%) 
HDR lightdata         [variable]           0/0        ( 0.0%) 
visdata               [variable]          44/16777216 ( 0.0%) 
entdata               [variable]         349/393216   ( 0.1%) 
LDR ambient table       29/65536         116/262144   ( 0.0%) 
HDR ambient table       29/65536         116/262144   ( 0.0%) 
LDR leaf ambient         4/65536         112/1835008  ( 0.0%) 
HDR leaf ambient        29/65536         812/1835008  ( 0.0%) 
occluders                0/0               0/0        ( 0.0%) 
occluder polygons        0/0               0/0        ( 0.0%) 
occluder vert ind        0/0               0/0        ( 0.0%) 
detail props          [variable]           1/12       ( 8.3%) 
static props          [variable]           1/12       ( 8.3%) 
pakfile               [variable]      105667/0        ( 0.0%) 
physics               [variable]        2361/4194304  ( 0.1%) 
physics terrain       [variable]           2/1048576  ( 0.0%) 

Level flags = 0

Total triangle count: 32
Writing c:\steam\steamapps\sourcemods\rfyl\maps\Chapitre1.bsp
0 seconds elapsed



materialPath: C:\steam\steamapps\sourcemods\rfyl\materials
Loading C:\steam\steamapps\sourcemods\rfyl\maps\Chapitre1.vmf
material "black" not found.
Material not found!: BLACK
ConVarRef mat_reduceparticles doesn't point to an existing ConVar
Could not locate 'GameData' key in c:\steam\steamapps\sourcemods\rfyl\gameinfo.txt
fixing up env_cubemap materials on brush sides...
0...1...2...3...4...5...6...7...8...9...100...1...2...3...4...5...6...7...8...9...10Processing areas...done (0)
Building Faces...done (0)
FixTjuncs...
PruneNodes...
WriteBSP...
done (0)
writing C:\steam\steamapps\sourcemods\rfyl\maps\Chapitre1.prt...Building visibility clusters...
done (0)
Can't load skybox file skybox/winter1 to build the default cubemap!
Can't load skybox file skybox/winter1 to build the default cubemap!
Finding displacement neighbors...
Finding lightmap sample positions...
Displacement Alpha : 0...1...2...3...4...5...6...7...8...9...10
Building Physics collision data...
WARNING: Map using power 4 displacements, terrain physics cannot be compressed, map will need additional memory and CPU.
done (0) (60226 bytes)
Placing detail props : 0...1...2...3...4...5...6...7...8...9...10
Compacting texture/material tables...
Reduced 7 texinfos to 4
Reduced 3 texdatas to 2 (45 bytes to 27)
Writing C:\steam\steamapps\sourcemods\rfyl\maps\Chapitre1.bsp
0 seconds elapsed



4 threads
reading c:\steam\steamapps\sourcemods\rfyl\maps\Chapitre1.bsp
reading c:\steam\steamapps\sourcemods\rfyl\maps\Chapitre1.prt
  16 portalclusters
  24 numportals
0...1...2...3...4...5...6...7...8...9...100...1...2...3...4...5...6...7...8...9...10Optimized: 0 visible clusters (0.00%)
Total clusters visible: 256
Average clusters visible: 16
Building PAS...
Average clusters audible: 16
visdatasize:196  compressed from 256
writing c:\steam\steamapps\sourcemods\rfyl\maps\Chapitre1.bsp
0 seconds elapsed



Could not find lights.rad in lights.rad.
Trying VRAD BIN directory instead...
Warning: Couldn't open texlight file C:\steam\steamapps\common\Source SDK Base 2013 Singleplayer\bin\lights.rad.
Loading c:\steam\steamapps\sourcemods\rfyl\maps\Chapitre1.bsp
49 faces
193308 square feet [27836416.00 square inches]
1 Displacements
29289 Square Feet [4217648.00 Square Inches]
49 patches before subdivision
1213 patches after subdivision
2 direct lights
0...1...2...3...4...5...6...7...8...9...100...1...2...3...4...5...6...7...8...9...10transfers 10805, max 56
transfer lists:   0.1 megs
0...1...2...3...4...5...6...7...8...9...10	Bounce #1 added RGB(0, 0, 0)
Build Patch/Sample Hash Table(s).....Done<0.0010 sec>
0...1...2...3...4...5...6...7...8...9...10FinalLightFace Done
0 of 0 (0% of) surface lights went in leaf ambient cubes.
0...1...2...3...4...5...6...7...8...9...10Writing leaf ambient...done
Ready to Finish

Object names       Objects/Maxobjs  Memory / Maxmem  Fullness 
------------       ---------------  ---------------  -------- 
models                   1/1024           48/49152    ( 0.1%) 
brushes                  6/8192           72/98304    ( 0.1%) 
brushsides              36/65536         288/524288   ( 0.1%) 
planes                 164/65536        3280/1310720  ( 0.3%) 
vertexes                71/65536         852/786432   ( 0.1%) 
nodes                   91/65536        2912/2097152  ( 0.1%) 
texinfos                 4/12288         288/884736   ( 0.0%) 
texdata                  2/2048           64/65536    ( 0.1%) 
dispinfos                1/0             176/0        ( 0.0%) 
disp_verts             289/0            5780/0        ( 0.0%) 
disp_tris              512/0            1024/0        ( 0.0%) 
disp_lmsamples       67006/0           67006/0        ( 0.0%) 
faces                   49/65536        2744/3670016  ( 0.1%) 
hdr faces                0/65536           0/3670016  ( 0.0%) 
origfaces                7/65536         392/3670016  ( 0.0%) 
leaves                  93/65536        2976/2097152  ( 0.1%) 
leaffaces               48/65536          96/131072   ( 0.1%) 
leafbrushes            146/65536         292/131072   ( 0.2%) 
areas                    2/256            16/2048     ( 0.8%) 
surfedges              224/512000        896/2048000  ( 0.0%) 
edges                  129/256000        516/1024000  ( 0.1%) 
LDR worldlights          2/8192          176/720896   ( 0.0%) 
HDR worldlights          0/8192            0/720896   ( 0.0%) 
leafwaterdata            0/32768           0/393216   ( 0.0%) 
waterstrips              0/32768           0/327680   ( 0.0%) 
waterverts               0/65536           0/786432   ( 0.0%) 
waterindices             0/65536           0/131072   ( 0.0%) 
cubemapsamples           0/1024            0/16384    ( 0.0%) 
overlays                 0/512             0/180224   ( 0.0%) 
LDR lightdata         [variable]       59540/0        ( 0.0%) 
HDR lightdata         [variable]           0/0        ( 0.0%) 
visdata               [variable]         196/16777216 ( 0.0%) 
entdata               [variable]         591/393216   ( 0.2%) 
LDR ambient table       93/65536         372/262144   ( 0.1%) 
HDR ambient table       93/65536         372/262144   ( 0.1%) 
LDR leaf ambient        16/65536         448/1835008  ( 0.0%) 
HDR leaf ambient        93/65536        2604/1835008  ( 0.1%) 
occluders                0/0               0/0        ( 0.0%) 
occluder polygons        0/0               0/0        ( 0.0%) 
occluder vert ind        0/0               0/0        ( 0.0%) 
detail props          [variable]           1/12       ( 8.3%) 
static props          [variable]           1/212      ( 0.5%) 
pakfile               [variable]          54/0        ( 0.0%) 
physics               [variable]       60226/4194304  ( 1.4%) 
physics terrain       [variable]           0/1048576  ( 0.0%) 

Level flags = 0

Total triangle count: 98
Writing c:\steam\steamapps\sourcemods\rfyl\maps\Chapitre1.bsp
0 seconds elapsed



materialPath: C:\steam\steamapps\sourcemods\rfyl\materials
Loading C:\steam\steamapps\sourcemods\rfyl\maps\Chapitre1.vmf
material "black" not found.
Material not found!: BLACK
ConVarRef mat_reduceparticles doesn't point to an existing ConVar
Could not locate 'GameData' key in c:\steam\steamapps\sourcemods\rfyl\gameinfo.txt
fixing up env_cubemap materials on brush sides...
0...1...2...3...4...5...6...7...8...9...100...1...2...3...4...5...6...7...8...9...10Processing areas...done (0)
Building Faces...done (0)
FixTjuncs...
PruneNodes...
WriteBSP...
done (0)
writing C:\steam\steamapps\sourcemods\rfyl\maps\Chapitre1.prt...Building visibility clusters...
done (0)
material "skybox/skybox/winter1rt" not found.
Can't load skybox file skybox/skybox/winter1 to build the default cubemap!
Can't load skybox file skybox/skybox/winter1 to build the default cubemap!
Finding displacement neighbors...
Finding lightmap sample positions...
Displacement Alpha : 0...1...2...3...4...5...6...7...8...9...10
Building Physics collision data...
WARNING: Map using power 4 displacements, terrain physics cannot be compressed, map will need additional memory and CPU.
done (0) (60226 bytes)
Placing detail props : 0...1...2...3...4...5...6...7...8...9...10
Compacting texture/material tables...
Reduced 7 texinfos to 4
Reduced 3 texdatas to 2 (45 bytes to 27)
Writing C:\steam\steamapps\sourcemods\rfyl\maps\Chapitre1.bsp
0 seconds elapsed



4 threads
reading c:\steam\steamapps\sourcemods\rfyl\maps\Chapitre1.bsp
reading c:\steam\steamapps\sourcemods\rfyl\maps\Chapitre1.prt
  16 portalclusters
  24 numportals
0...1...2...3...4...5...6...7...8...9...100...1...2...3...4...5...6...7...8...9...10Optimized: 0 visible clusters (0.00%)
Total clusters visible: 256
Average clusters visible: 16
Building PAS...
Average clusters audible: 16
visdatasize:196  compressed from 256
writing c:\steam\steamapps\sourcemods\rfyl\maps\Chapitre1.bsp
0 seconds elapsed



Could not find lights.rad in lights.rad.
Trying VRAD BIN directory instead...
Warning: Couldn't open texlight file C:\steam\steamapps\common\Source SDK Base 2013 Singleplayer\bin\lights.rad.
Loading c:\steam\steamapps\sourcemods\rfyl\maps\Chapitre1.bsp
49 faces
193308 square feet [27836416.00 square inches]
1 Displacements
29289 Square Feet [4217648.00 Square Inches]
49 patches before subdivision
1213 patches after subdivision
2 direct lights
0...1...2...3...4...5...6...7...8...9...100...1...2...3...4...5...6...7...8...9...10transfers 10805, max 56
transfer lists:   0.1 megs
0...1...2...3...4...5...6...7...8...9...10	Bounce #1 added RGB(0, 0, 0)
Build Patch/Sample Hash Table(s).....Done<0.0007 sec>
0...1...2...3...4...5...6...7...8...9...10FinalLightFace Done
0 of 0 (0% of) surface lights went in leaf ambient cubes.
0...1...2...3...4...5...6...7...8...9...10Writing leaf ambient...done
Ready to Finish

Object names       Objects/Maxobjs  Memory / Maxmem  Fullness 
------------       ---------------  ---------------  -------- 
models                   1/1024           48/49152    ( 0.1%) 
brushes                  6/8192           72/98304    ( 0.1%) 
brushsides              36/65536         288/524288   ( 0.1%) 
planes                 164/65536        3280/1310720  ( 0.3%) 
vertexes                71/65536         852/786432   ( 0.1%) 
nodes                   91/65536        2912/2097152  ( 0.1%) 
texinfos                 4/12288         288/884736   ( 0.0%) 
texdata                  2/2048           64/65536    ( 0.1%) 
dispinfos                1/0             176/0        ( 0.0%) 
disp_verts             289/0            5780/0        ( 0.0%) 
disp_tris              512/0            1024/0        ( 0.0%) 
disp_lmsamples       67006/0           67006/0        ( 0.0%) 
faces                   49/65536        2744/3670016  ( 0.1%) 
hdr faces                0/65536           0/3670016  ( 0.0%) 
origfaces                7/65536         392/3670016  ( 0.0%) 
leaves                  93/65536        2976/2097152  ( 0.1%) 
leaffaces               48/65536          96/131072   ( 0.1%) 
leafbrushes            146/65536         292/131072   ( 0.2%) 
areas                    2/256            16/2048     ( 0.8%) 
surfedges              224/512000        896/2048000  ( 0.0%) 
edges                  129/256000        516/1024000  ( 0.1%) 
LDR worldlights          2/8192          176/720896   ( 0.0%) 
HDR worldlights          0/8192            0/720896   ( 0.0%) 
leafwaterdata            0/32768           0/393216   ( 0.0%) 
waterstrips              0/32768           0/327680   ( 0.0%) 
waterverts               0/65536           0/786432   ( 0.0%) 
waterindices             0/65536           0/131072   ( 0.0%) 
cubemapsamples           0/1024            0/16384    ( 0.0%) 
overlays                 0/512             0/180224   ( 0.0%) 
LDR lightdata         [variable]       59540/0        ( 0.0%) 
HDR lightdata         [variable]           0/0        ( 0.0%) 
visdata               [variable]         196/16777216 ( 0.0%) 
entdata               [variable]         609/393216   ( 0.2%) 
LDR ambient table       93/65536         372/262144   ( 0.1%) 
HDR ambient table       93/65536         372/262144   ( 0.1%) 
LDR leaf ambient        16/65536         448/1835008  ( 0.0%) 
HDR leaf ambient        93/65536        2604/1835008  ( 0.1%) 
occluders                0/0               0/0        ( 0.0%) 
occluder polygons        0/0               0/0        ( 0.0%) 
occluder vert ind        0/0               0/0        ( 0.0%) 
detail props          [variable]           1/12       ( 8.3%) 
static props          [variable]           1/212      ( 0.5%) 
pakfile               [variable]          54/0        ( 0.0%) 
physics               [variable]       60226/4194304  ( 1.4%) 
physics terrain       [variable]           0/1048576  ( 0.0%) 

Level flags = 0

Total triangle count: 98
Writing c:\steam\steamapps\sourcemods\rfyl\maps\Chapitre1.bsp
0 seconds elapsed



materialPath: C:\steam\steamapps\sourcemods\rfyl\materials
Loading C:\steam\steamapps\sourcemods\rfyl\maps\Chapitre1.vmf
material "black" not found.
Material not found!: BLACK
ConVarRef mat_reduceparticles doesn't point to an existing ConVar
Could not locate 'GameData' key in c:\steam\steamapps\sourcemods\rfyl\gameinfo.txt
fixing up env_cubemap materials on brush sides...
0...1...2...3...4...5...6...7...8...9...100...1...2...3...4...5...6...7...8...9...10Processing areas...done (0)
Building Faces...done (0)
FixTjuncs...
PruneNodes...
WriteBSP...
done (0)
writing C:\steam\steamapps\sourcemods\rfyl\maps\Chapitre1.prt...Building visibility clusters...
done (0)
Creating default LDR cubemaps for env_cubemap using skybox materials:
   skybox/sky_day01_01*.vmt
 ! Run buildcubemaps in the engine to get the correct cube maps.
Creating default HDR cubemaps for env_cubemap using skybox materials:
   skybox/sky_day01_01*.vmt
 ! Run buildcubemaps in the engine to get the correct cube maps.
Finding displacement neighbors...
Finding lightmap sample positions...
Displacement Alpha : 0...1...2...3...4...5...6...7...8...9...10
Building Physics collision data...
WARNING: Map using power 4 displacements, terrain physics cannot be compressed, map will need additional memory and CPU.
done (0) (60226 bytes)
Placing detail props : 0...1...2...3...4...5...6...7...8...9...10
Compacting texture/material tables...
Reduced 7 texinfos to 4
Reduced 3 texdatas to 2 (45 bytes to 27)
Writing C:\steam\steamapps\sourcemods\rfyl\maps\Chapitre1.bsp
0 seconds elapsed



4 threads
reading c:\steam\steamapps\sourcemods\rfyl\maps\Chapitre1.bsp
reading c:\steam\steamapps\sourcemods\rfyl\maps\Chapitre1.prt
  16 portalclusters
  24 numportals
0...1...2...3...4...5...6...7...8...9...100...1...2...3...4...5...6...7...8...9...10Optimized: 0 visible clusters (0.00%)
Total clusters visible: 256
Average clusters visible: 16
Building PAS...
Average clusters audible: 16
visdatasize:196  compressed from 256
writing c:\steam\steamapps\sourcemods\rfyl\maps\Chapitre1.bsp
0 seconds elapsed



Could not find lights.rad in lights.rad.
Trying VRAD BIN directory instead...
Warning: Couldn't open texlight file C:\steam\steamapps\common\Source SDK Base 2013 Singleplayer\bin\lights.rad.
Loading c:\steam\steamapps\sourcemods\rfyl\maps\Chapitre1.bsp
49 faces
193308 square feet [27836416.00 square inches]
1 Displacements
29289 Square Feet [4217648.00 Square Inches]
49 patches before subdivision
1213 patches after subdivision
2 direct lights
0...1...2...3...4...5...6...7...8...9...100...1...2...3...4...5...6...7...8...9...10transfers 10805, max 56
transfer lists:   0.1 megs
0...1...2...3...4...5...6...7...8...9...10	Bounce #1 added RGB(0, 0, 0)
Build Patch/Sample Hash Table(s).....Done<0.0007 sec>
0...1...2...3...4...5...6...7...8...9...10FinalLightFace Done
0 of 0 (0% of) surface lights went in leaf ambient cubes.
0...1...2...3...4...5...6...7...8...9...10Writing leaf ambient...done
Ready to Finish

Object names       Objects/Maxobjs  Memory / Maxmem  Fullness 
------------       ---------------  ---------------  -------- 
models                   1/1024           48/49152    ( 0.1%) 
brushes                  6/8192           72/98304    ( 0.1%) 
brushsides              36/65536         288/524288   ( 0.1%) 
planes                 164/65536        3280/1310720  ( 0.3%) 
vertexes                71/65536         852/786432   ( 0.1%) 
nodes                   91/65536        2912/2097152  ( 0.1%) 
texinfos                 4/12288         288/884736   ( 0.0%) 
texdata                  2/2048           64/65536    ( 0.1%) 
dispinfos                1/0             176/0        ( 0.0%) 
disp_verts             289/0            5780/0        ( 0.0%) 
disp_tris              512/0            1024/0        ( 0.0%) 
disp_lmsamples       67006/0           67006/0        ( 0.0%) 
faces                   49/65536        2744/3670016  ( 0.1%) 
hdr faces                0/65536           0/3670016  ( 0.0%) 
origfaces                7/65536         392/3670016  ( 0.0%) 
leaves                  93/65536        2976/2097152  ( 0.1%) 
leaffaces               48/65536          96/131072   ( 0.1%) 
leafbrushes            146/65536         292/131072   ( 0.2%) 
areas                    2/256            16/2048     ( 0.8%) 
surfedges              224/512000        896/2048000  ( 0.0%) 
edges                  129/256000        516/1024000  ( 0.1%) 
LDR worldlights          2/8192          176/720896   ( 0.0%) 
HDR worldlights          0/8192            0/720896   ( 0.0%) 
leafwaterdata            0/32768           0/393216   ( 0.0%) 
waterstrips              0/32768           0/327680   ( 0.0%) 
waterverts               0/65536           0/786432   ( 0.0%) 
waterindices             0/65536           0/131072   ( 0.0%) 
cubemapsamples           0/1024            0/16384    ( 0.0%) 
overlays                 0/512             0/180224   ( 0.0%) 
LDR lightdata         [variable]       59540/0        ( 0.0%) 
HDR lightdata         [variable]           0/0        ( 0.0%) 
visdata               [variable]         196/16777216 ( 0.0%) 
entdata               [variable]         607/393216   ( 0.2%) 
LDR ambient table       93/65536         372/262144   ( 0.1%) 
HDR ambient table       93/65536         372/262144   ( 0.1%) 
LDR leaf ambient        16/65536         448/1835008  ( 0.0%) 
HDR leaf ambient        93/65536        2604/1835008  ( 0.1%) 
occluders                0/0               0/0        ( 0.0%) 
occluder polygons        0/0               0/0        ( 0.0%) 
occluder vert ind        0/0               0/0        ( 0.0%) 
detail props          [variable]           1/12       ( 8.3%) 
static props          [variable]           1/212      ( 0.5%) 
pakfile               [variable]      105667/0        ( 0.0%) 
physics               [variable]       60226/4194304  ( 1.4%) 
physics terrain       [variable]           0/1048576  ( 0.0%) 

Level flags = 0

Total triangle count: 98
Writing c:\steam\steamapps\sourcemods\rfyl\maps\Chapitre1.bsp
0 seconds elapsed



materialPath: C:\steam\steamapps\sourcemods\rfyl\materials
Loading C:\steam\steamapps\sourcemods\rfyl\maps\Chapitre1.vmf
material "black" not found.
Material not found!: BLACK
ConVarRef mat_reduceparticles doesn't point to an existing ConVar
Could not locate 'GameData' key in c:\steam\steamapps\sourcemods\rfyl\gameinfo.txt
fixing up env_cubemap materials on brush sides...
0...1...2...3...4...5...6...7...8...9...100...1...2...3...4...5...6...7...8...9...10Processing areas...done (0)
Building Faces...done (0)
FixTjuncs...
PruneNodes...
WriteBSP...
done (0)
writing C:\steam\steamapps\sourcemods\rfyl\maps\Chapitre1.prt...Building visibility clusters...
done (0)
Creating default LDR cubemaps for env_cubemap using skybox materials:
   skybox/sky_day01_01*.vmt
 ! Run buildcubemaps in the engine to get the correct cube maps.
Creating default HDR cubemaps for env_cubemap using skybox materials:
   skybox/sky_day01_01*.vmt
 ! Run buildcubemaps in the engine to get the correct cube maps.
Finding displacement neighbors...
Finding lightmap sample positions...
Displacement Alpha : 0...1...2...3...4...5...6...7...8...9...10
Building Physics collision data...
WARNING: Map using power 4 displacements, terrain physics cannot be compressed, map will need additional memory and CPU.
done (0) (60226 bytes)
Placing detail props : 0...1...2...3...4...5...6...7...8...9...10
Compacting texture/material tables...
Reduced 7 texinfos to 4
Reduced 3 texdatas to 2 (45 bytes to 27)
Writing C:\steam\steamapps\sourcemods\rfyl\maps\Chapitre1.bsp
0 seconds elapsed



4 threads
reading c:\steam\steamapps\sourcemods\rfyl\maps\Chapitre1.bsp
reading c:\steam\steamapps\sourcemods\rfyl\maps\Chapitre1.prt
  16 portalclusters
  24 numportals
0...1...2...3...4...5...6...7...8...9...100...1...2...3...4...5...6...7...8...9...10Optimized: 0 visible clusters (0.00%)
Total clusters visible: 256
Average clusters visible: 16
Building PAS...
Average clusters audible: 16
visdatasize:196  compressed from 256
writing c:\steam\steamapps\sourcemods\rfyl\maps\Chapitre1.bsp
0 seconds elapsed



Could not find lights.rad in lights.rad.
Trying VRAD BIN directory instead...
Warning: Couldn't open texlight file C:\steam\steamapps\common\Source SDK Base 2013 Singleplayer\bin\lights.rad.
Loading c:\steam\steamapps\sourcemods\rfyl\maps\Chapitre1.bsp
49 faces
193308 square feet [27836416.00 square inches]
1 Displacements
29289 Square Feet [4217648.00 Square Inches]
49 patches before subdivision
1213 patches after subdivision
3 direct lights
0...1...2...3...4...5...6...7...8...9...100...1...2...3...4...5...6...7...8...9...10transfers 10805, max 56
transfer lists:   0.1 megs
0...1...2...3...4...5...6...7...8...9...10	Bounce #1 added RGB(6, 6, 7)
0...1...2...3...4...5...6...7...8...9...10	Bounce #2 added RGB(0, 0, 0)
Build Patch/Sample Hash Table(s).....Done<0.0007 sec>
0...1...2...3...4...5...6...7...8...9...10FinalLightFace Done
0 of 0 (0% of) surface lights went in leaf ambient cubes.
0...1...2...3...4...5...6...7...8...9...10Writing leaf ambient...done
Ready to Finish

Object names       Objects/Maxobjs  Memory / Maxmem  Fullness 
------------       ---------------  ---------------  -------- 
models                   1/1024           48/49152    ( 0.1%) 
brushes                  6/8192           72/98304    ( 0.1%) 
brushsides              36/65536         288/524288   ( 0.1%) 
planes                 164/65536        3280/1310720  ( 0.3%) 
vertexes                71/65536         852/786432   ( 0.1%) 
nodes                   91/65536        2912/2097152  ( 0.1%) 
texinfos                 4/12288         288/884736   ( 0.0%) 
texdata                  2/2048           64/65536    ( 0.1%) 
dispinfos                1/0             176/0        ( 0.0%) 
disp_verts             289/0            5780/0        ( 0.0%) 
disp_tris              512/0            1024/0        ( 0.0%) 
disp_lmsamples       67006/0           67006/0        ( 0.0%) 
faces                   49/65536        2744/3670016  ( 0.1%) 
hdr faces                0/65536           0/3670016  ( 0.0%) 
origfaces                7/65536         392/3670016  ( 0.0%) 
leaves                  93/65536        2976/2097152  ( 0.1%) 
leaffaces               48/65536          96/131072   ( 0.1%) 
leafbrushes            146/65536         292/131072   ( 0.2%) 
areas                    2/256            16/2048     ( 0.8%) 
surfedges              224/512000        896/2048000  ( 0.0%) 
edges                  129/256000        516/1024000  ( 0.1%) 
LDR worldlights          3/8192          264/720896   ( 0.0%) 
HDR worldlights          0/8192            0/720896   ( 0.0%) 
leafwaterdata            0/32768           0/393216   ( 0.0%) 
waterstrips              0/32768           0/327680   ( 0.0%) 
waterverts               0/65536           0/786432   ( 0.0%) 
waterindices             0/65536           0/131072   ( 0.0%) 
cubemapsamples           0/1024            0/16384    ( 0.0%) 
overlays                 0/512             0/180224   ( 0.0%) 
LDR lightdata         [variable]       59540/0        ( 0.0%) 
HDR lightdata         [variable]           0/0        ( 0.0%) 
visdata               [variable]         196/16777216 ( 0.0%) 
entdata               [variable]         929/393216   ( 0.2%) 
LDR ambient table       93/65536         372/262144   ( 0.1%) 
HDR ambient table       93/65536         372/262144   ( 0.1%) 
LDR leaf ambient        63/65536        1764/1835008  ( 0.1%) 
HDR leaf ambient        93/65536        2604/1835008  ( 0.1%) 
occluders                0/0               0/0        ( 0.0%) 
occluder polygons        0/0               0/0        ( 0.0%) 
occluder vert ind        0/0               0/0        ( 0.0%) 
detail props          [variable]           1/12       ( 8.3%) 
static props          [variable]           1/212      ( 0.5%) 
pakfile               [variable]      105667/0        ( 0.0%) 
physics               [variable]       60226/4194304  ( 1.4%) 
physics terrain       [variable]           0/1048576  ( 0.0%) 

Level flags = 0

Total triangle count: 98
Writing c:\steam\steamapps\sourcemods\rfyl\maps\Chapitre1.bsp
0 seconds elapsed



materialPath: C:\steam\steamapps\sourcemods\rfyl\materials
Loading C:\steam\steamapps\sourcemods\rfyl\maps\Chapitre1.vmf
Could not locate 'GameData' key in c:\steam\steamapps\sourcemods\rfyl\gameinfo.txt
fixing up env_cubemap materials on brush sides...
0...1...2...3...4...5...6...7...8...9...100...1...2...3...4...5...6...7...8...9...10Processing areas...done (0)
Building Faces...done (0)
FixTjuncs...
PruneNodes...
WriteBSP...
done (0)
writing C:\steam\steamapps\sourcemods\rfyl\maps\Chapitre1.prt...Building visibility clusters...
done (0)
Creating default LDR cubemaps for env_cubemap using skybox materials:
   skybox/sky_day01_01*.vmt
 ! Run buildcubemaps in the engine to get the correct cube maps.
Creating default HDR cubemaps for env_cubemap using skybox materials:
   skybox/sky_day01_01*.vmt
 ! Run buildcubemaps in the engine to get the correct cube maps.
Finding displacement neighbors...
Finding lightmap sample positions...
Displacement Alpha : 0...1...2...3...4...5...6...7...8...9...10
Building Physics collision data...
WARNING: Map using power 4 displacements, terrain physics cannot be compressed, map will need additional memory and CPU.
done (0) (60233 bytes)
Placing detail props : 0...1...2...3...4...5...6...7...8...9...10
Compacting texture/material tables...
Reduced 7 texinfos to 2
Reduced 3 texdatas to 2 (57 bytes to 39)
Writing C:\steam\steamapps\sourcemods\rfyl\maps\Chapitre1.bsp
0 seconds elapsed



4 threads
reading c:\steam\steamapps\sourcemods\rfyl\maps\Chapitre1.bsp
reading c:\steam\steamapps\sourcemods\rfyl\maps\Chapitre1.prt
   4 portalclusters
   4 numportals
0...1...2...3...4...5...6...7...8...9...100...1...2...3...4...5...6...7...8...9...10Optimized: 0 visible clusters (0.00%)
Total clusters visible: 16
Average clusters visible: 4
Building PAS...
Average clusters audible: 4
visdatasize:44  compressed from 64
writing c:\steam\steamapps\sourcemods\rfyl\maps\Chapitre1.bsp
0 seconds elapsed



Could not find lights.rad in lights.rad.
Trying VRAD BIN directory instead...
Warning: Couldn't open texlight file C:\steam\steamapps\common\Source SDK Base 2013 Singleplayer\bin\lights.rad.
Loading c:\steam\steamapps\sourcemods\rfyl\maps\Chapitre1.bsp
17 faces
107406 square feet [15466496.00 square inches]
1 Displacements
29289 Square Feet [4217648.00 Square Inches]
17 patches before subdivision
1181 patches after subdivision
3 direct lights
0...1...2...3...4...5...6...7...8...9...100...1...2...3...4...5...6...7...8...9...10transfers 917, max 105
transfer lists:   0.0 megs
0...1...2...3...4...5...6...7...8...9...10	Bounce #1 added RGB(0, 0, 0)
Build Patch/Sample Hash Table(s).....Done<0.0010 sec>
0...1...2...3...4...5...6...7...8...9...10FinalLightFace Done
0 of 0 (0% of) surface lights went in leaf ambient cubes.
0...1...2...3...4...5...6...7...8...9...10Writing leaf ambient...done
Ready to Finish

Object names       Objects/Maxobjs  Memory / Maxmem  Fullness 
------------       ---------------  ---------------  -------- 
models                   1/1024           48/49152    ( 0.1%) 
brushes                  6/8192           72/98304    ( 0.1%) 
brushsides              36/65536         288/524288   ( 0.1%) 
planes                  44/65536         880/1310720  ( 0.1%) 
vertexes                39/65536         468/786432   ( 0.1%) 
nodes                   23/65536         736/2097152  ( 0.0%) 
texinfos                 2/12288         144/884736   ( 0.0%) 
texdata                  2/2048           64/65536    ( 0.1%) 
dispinfos                1/0             176/0        ( 0.0%) 
disp_verts             289/0            5780/0        ( 0.0%) 
disp_tris              512/0            1024/0        ( 0.0%) 
disp_lmsamples       67006/0           67006/0        ( 0.0%) 
faces                   17/65536         952/3670016  ( 0.0%) 
hdr faces                0/65536           0/3670016  ( 0.0%) 
origfaces                7/65536         392/3670016  ( 0.0%) 
leaves                  25/65536         800/2097152  ( 0.0%) 
leaffaces               16/65536          32/131072   ( 0.0%) 
leafbrushes             35/65536          70/131072   ( 0.1%) 
areas                    2/256            16/2048     ( 0.8%) 
surfedges               96/512000        384/2048000  ( 0.0%) 
edges                   65/256000        260/1024000  ( 0.0%) 
LDR worldlights          3/8192          264/720896   ( 0.0%) 
HDR worldlights          0/8192            0/720896   ( 0.0%) 
leafwaterdata            0/32768           0/393216   ( 0.0%) 
waterstrips              0/32768           0/327680   ( 0.0%) 
waterverts               0/65536           0/786432   ( 0.0%) 
waterindices             0/65536           0/131072   ( 0.0%) 
cubemapsamples           0/1024            0/16384    ( 0.0%) 
overlays                 0/512             0/180224   ( 0.0%) 
LDR lightdata         [variable]       59540/0        ( 0.0%) 
HDR lightdata         [variable]           0/0        ( 0.0%) 
visdata               [variable]          44/16777216 ( 0.0%) 
entdata               [variable]         924/393216   ( 0.2%) 
LDR ambient table       25/65536         100/262144   ( 0.0%) 
HDR ambient table       25/65536         100/262144   ( 0.0%) 
LDR leaf ambient        63/65536        1764/1835008  ( 0.1%) 
HDR leaf ambient        25/65536         700/1835008  ( 0.0%) 
occluders                0/0               0/0        ( 0.0%) 
occluder polygons        0/0               0/0        ( 0.0%) 
occluder vert ind        0/0               0/0        ( 0.0%) 
detail props          [variable]           1/12       ( 8.3%) 
static props          [variable]           1/212      ( 0.5%) 
pakfile               [variable]      105667/0        ( 0.0%) 
physics               [variable]       60233/4194304  ( 1.4%) 
physics terrain       [variable]           0/1048576  ( 0.0%) 

Level flags = 0

Total triangle count: 34
Writing c:\steam\steamapps\sourcemods\rfyl\maps\Chapitre1.bsp
0 seconds elapsed



materialPath: C:\steam\steamapps\sourcemods\rfyl\materials
Loading C:\steam\steamapps\sourcemods\rfyl\maps\Chapitre1.vmf
Could not locate 'GameData' key in c:\steam\steamapps\sourcemods\rfyl\gameinfo.txt
fixing up env_cubemap materials on brush sides...
0...1...2...3...4...5...6...7...8...9...100...1...2...3...4...5...6...7...8...9...10Processing areas...done (0)
Building Faces...done (0)
FixTjuncs...
PruneNodes...
WriteBSP...
done (0)
writing C:\steam\steamapps\sourcemods\rfyl\maps\Chapitre1.prt...Building visibility clusters...
done (0)
Creating default LDR cubemaps for env_cubemap using skybox materials:
   skybox/sky_day01_01*.vmt
 ! Run buildcubemaps in the engine to get the correct cube maps.
Creating default HDR cubemaps for env_cubemap using skybox materials:
   skybox/sky_day01_01*.vmt
 ! Run buildcubemaps in the engine to get the correct cube maps.
Finding displacement neighbors...
Finding lightmap sample positions...
Displacement Alpha : 0...1...2...3...4...5...6...7...8...9...10
Building Physics collision data...
WARNING: Map using power 4 displacements, terrain physics cannot be compressed, map will need additional memory and CPU.
done (0) (60233 bytes)
Placing detail props : 0...1...2...3...4...5...6...7...8...9...10
Compacting texture/material tables...
Reduced 7 texinfos to 2
Reduced 3 texdatas to 2 (57 bytes to 39)
Writing C:\steam\steamapps\sourcemods\rfyl\maps\Chapitre1.bsp
0 seconds elapsed



4 threads
reading c:\steam\steamapps\sourcemods\rfyl\maps\Chapitre1.bsp
reading c:\steam\steamapps\sourcemods\rfyl\maps\Chapitre1.prt
   4 portalclusters
   4 numportals
0...1...2...3...4...5...6...7...8...9...100...1...2...3...4...5...6...7...8...9...10Optimized: 0 visible clusters (0.00%)
Total clusters visible: 16
Average clusters visible: 4
Building PAS...
Average clusters audible: 4
visdatasize:44  compressed from 64
writing c:\steam\steamapps\sourcemods\rfyl\maps\Chapitre1.bsp
0 seconds elapsed



Could not find lights.rad in lights.rad.
Trying VRAD BIN directory instead...
Warning: Couldn't open texlight file C:\steam\steamapps\common\Source SDK Base 2013 Singleplayer\bin\lights.rad.
Loading c:\steam\steamapps\sourcemods\rfyl\maps\Chapitre1.bsp
17 faces
107406 square feet [15466496.00 square inches]
1 Displacements
29289 Square Feet [4217648.00 Square Inches]
17 patches before subdivision
1181 patches after subdivision
3 direct lights
0...1...2...3...4...5...6...7...8...9...100...1...2...3...4...5...6...7...8...9...10transfers 917, max 105
transfer lists:   0.0 megs
0...1...2...3...4...5...6...7...8...9...10	Bounce #1 added RGB(0, 0, 0)
Build Patch/Sample Hash Table(s).....Done<0.0008 sec>
0...1...2...3...4...5...6...7...8...9...10FinalLightFace Done
0 of 0 (0% of) surface lights went in leaf ambient cubes.
0...1...2...3...4...5...6...7...8...9...10Writing leaf ambient...done
Ready to Finish

Object names       Objects/Maxobjs  Memory / Maxmem  Fullness 
------------       ---------------  ---------------  -------- 
models                   1/1024           48/49152    ( 0.1%) 
brushes                  6/8192           72/98304    ( 0.1%) 
brushsides              36/65536         288/524288   ( 0.1%) 
planes                  44/65536         880/1310720  ( 0.1%) 
vertexes                39/65536         468/786432   ( 0.1%) 
nodes                   23/65536         736/2097152  ( 0.0%) 
texinfos                 2/12288         144/884736   ( 0.0%) 
texdata                  2/2048           64/65536    ( 0.1%) 
dispinfos                1/0             176/0        ( 0.0%) 
disp_verts             289/0            5780/0        ( 0.0%) 
disp_tris              512/0            1024/0        ( 0.0%) 
disp_lmsamples       67006/0           67006/0        ( 0.0%) 
faces                   17/65536         952/3670016  ( 0.0%) 
hdr faces                0/65536           0/3670016  ( 0.0%) 
origfaces                7/65536         392/3670016  ( 0.0%) 
leaves                  25/65536         800/2097152  ( 0.0%) 
leaffaces               16/65536          32/131072   ( 0.0%) 
leafbrushes             35/65536          70/131072   ( 0.1%) 
areas                    2/256            16/2048     ( 0.8%) 
surfedges               96/512000        384/2048000  ( 0.0%) 
edges                   65/256000        260/1024000  ( 0.0%) 
LDR worldlights          3/8192          264/720896   ( 0.0%) 
HDR worldlights          0/8192            0/720896   ( 0.0%) 
leafwaterdata            0/32768           0/393216   ( 0.0%) 
waterstrips              0/32768           0/327680   ( 0.0%) 
waterverts               0/65536           0/786432   ( 0.0%) 
waterindices             0/65536           0/131072   ( 0.0%) 
cubemapsamples           0/1024            0/16384    ( 0.0%) 
overlays                 0/512             0/180224   ( 0.0%) 
LDR lightdata         [variable]       59540/0        ( 0.0%) 
HDR lightdata         [variable]           0/0        ( 0.0%) 
visdata               [variable]          44/16777216 ( 0.0%) 
entdata               [variable]         925/393216   ( 0.2%) 
LDR ambient table       25/65536         100/262144   ( 0.0%) 
HDR ambient table       25/65536         100/262144   ( 0.0%) 
LDR leaf ambient        64/65536        1792/1835008  ( 0.1%) 
HDR leaf ambient        25/65536         700/1835008  ( 0.0%) 
occluders                0/0               0/0        ( 0.0%) 
occluder polygons        0/0               0/0        ( 0.0%) 
occluder vert ind        0/0               0/0        ( 0.0%) 
detail props          [variable]           1/12       ( 8.3%) 
static props          [variable]           1/212      ( 0.5%) 
pakfile               [variable]      105667/0        ( 0.0%) 
physics               [variable]       60233/4194304  ( 1.4%) 
physics terrain       [variable]           0/1048576  ( 0.0%) 

Level flags = 0

Total triangle count: 34
Writing c:\steam\steamapps\sourcemods\rfyl\maps\Chapitre1.bsp
0 seconds elapsed



materialPath: C:\steam\steamapps\sourcemods\rfyl\materials
Loading C:\steam\steamapps\sourcemods\rfyl\maps\Chapitre1.vmf
Could not locate 'GameData' key in c:\steam\steamapps\sourcemods\rfyl\gameinfo.txt
fixing up env_cubemap materials on brush sides...
0...1...2...3...4...5...6...7...8...9...100...1...2...3...4...5...6...7...8...9...10Processing areas...done (0)
Building Faces...done (0)
FixTjuncs...
PruneNodes...
WriteBSP...
done (0)
writing C:\steam\steamapps\sourcemods\rfyl\maps\Chapitre1.prt...Building visibility clusters...
done (0)
Can't load skybox file skybox/winter1 to build the default cubemap!
Can't load skybox file skybox/winter1 to build the default cubemap!
Finding displacement neighbors...
Finding lightmap sample positions...
Displacement Alpha : 0...1...2...3...4...5...6...7...8...9...10
Building Physics collision data...
WARNING: Map using power 4 displacements, terrain physics cannot be compressed, map will need additional memory and CPU.
done (0) (60233 bytes)
Placing detail props : 0...1...2...3...4...5...6...7...8...9...10
Compacting texture/material tables...
Reduced 7 texinfos to 2
Reduced 3 texdatas to 2 (57 bytes to 39)
Writing C:\steam\steamapps\sourcemods\rfyl\maps\Chapitre1.bsp
0 seconds elapsed



4 threads
reading c:\steam\steamapps\sourcemods\rfyl\maps\Chapitre1.bsp
reading c:\steam\steamapps\sourcemods\rfyl\maps\Chapitre1.prt
   4 portalclusters
   4 numportals
0...1...2...3...4...5...6...7...8...9...100...1...2...3...4...5...6...7...8...9...10Optimized: 0 visible clusters (0.00%)
Total clusters visible: 16
Average clusters visible: 4
Building PAS...
Average clusters audible: 4
visdatasize:44  compressed from 64
writing c:\steam\steamapps\sourcemods\rfyl\maps\Chapitre1.bsp
0 seconds elapsed



Could not find lights.rad in lights.rad.
Trying VRAD BIN directory instead...
Warning: Couldn't open texlight file C:\steam\steamapps\common\Source SDK Base 2013 Singleplayer\bin\lights.rad.
Loading c:\steam\steamapps\sourcemods\rfyl\maps\Chapitre1.bsp
17 faces
107406 square feet [15466496.00 square inches]
1 Displacements
29289 Square Feet [4217648.00 Square Inches]
17 patches before subdivision
1181 patches after subdivision
2 direct lights
0...1...2...3...4...5...6...7...8...9...100...1...2...3...4...5...6...7...8...9...10transfers 917, max 105
transfer lists:   0.0 megs
0...1...2...3...4...5...6...7...8...9...10	Bounce #1 added RGB(0, 0, 0)
Build Patch/Sample Hash Table(s).....Done<0.0011 sec>
0...1...2...3...4...5...6...7...8...9...10FinalLightFace Done
0 of 0 (0% of) surface lights went in leaf ambient cubes.
0...1...2...3...4...5...6...7...8...9...10Writing leaf ambient...done
Ready to Finish

Object names       Objects/Maxobjs  Memory / Maxmem  Fullness 
------------       ---------------  ---------------  -------- 
models                   1/1024           48/49152    ( 0.1%) 
brushes                  6/8192           72/98304    ( 0.1%) 
brushsides              36/65536         288/524288   ( 0.1%) 
planes                  44/65536         880/1310720  ( 0.1%) 
vertexes                39/65536         468/786432   ( 0.1%) 
nodes                   23/65536         736/2097152  ( 0.0%) 
texinfos                 2/12288         144/884736   ( 0.0%) 
texdata                  2/2048           64/65536    ( 0.1%) 
dispinfos                1/0             176/0        ( 0.0%) 
disp_verts             289/0            5780/0        ( 0.0%) 
disp_tris              512/0            1024/0        ( 0.0%) 
disp_lmsamples       67006/0           67006/0        ( 0.0%) 
faces                   17/65536         952/3670016  ( 0.0%) 
hdr faces                0/65536           0/3670016  ( 0.0%) 
origfaces                7/65536         392/3670016  ( 0.0%) 
leaves                  25/65536         800/2097152  ( 0.0%) 
leaffaces               16/65536          32/131072   ( 0.0%) 
leafbrushes             35/65536          70/131072   ( 0.1%) 
areas                    2/256            16/2048     ( 0.8%) 
surfedges               96/512000        384/2048000  ( 0.0%) 
edges                   65/256000        260/1024000  ( 0.0%) 
LDR worldlights          2/8192          176/720896   ( 0.0%) 
HDR worldlights          0/8192            0/720896   ( 0.0%) 
leafwaterdata            0/32768           0/393216   ( 0.0%) 
waterstrips              0/32768           0/327680   ( 0.0%) 
waterverts               0/65536           0/786432   ( 0.0%) 
waterindices             0/65536           0/131072   ( 0.0%) 
cubemapsamples           0/1024            0/16384    ( 0.0%) 
overlays                 0/512             0/180224   ( 0.0%) 
LDR lightdata         [variable]       59540/0        ( 0.0%) 
HDR lightdata         [variable]           0/0        ( 0.0%) 
visdata               [variable]          44/16777216 ( 0.0%) 
entdata               [variable]         598/393216   ( 0.2%) 
LDR ambient table       25/65536         100/262144   ( 0.0%) 
HDR ambient table       25/65536         100/262144   ( 0.0%) 
LDR leaf ambient        64/65536        1792/1835008  ( 0.1%) 
HDR leaf ambient        25/65536         700/1835008  ( 0.0%) 
occluders                0/0               0/0        ( 0.0%) 
occluder polygons        0/0               0/0        ( 0.0%) 
occluder vert ind        0/0               0/0        ( 0.0%) 
detail props          [variable]           1/12       ( 8.3%) 
static props          [variable]           1/212      ( 0.5%) 
pakfile               [variable]          54/0        ( 0.0%) 
physics               [variable]       60233/4194304  ( 1.4%) 
physics terrain       [variable]           0/1048576  ( 0.0%) 

Level flags = 0

Total triangle count: 34
Writing c:\steam\steamapps\sourcemods\rfyl\maps\Chapitre1.bsp
1 second elapsed
